  context.c
  egl_context.c
  init.c
  input.c
  monitor.c
  null_init.c
  null_joystick.c
  null_monitor.c
  null_window.c
  osmesa_context.c
  platform.c
  vulkan.c
  wgl_context.c
  win32_init.c
  win32_joystick.c
  win32_module.c
  win32_monitor.c
  win32_thread.c
  win32_time.c
  win32_window.c
  Generating Code...
  Compiling...
  window.c
  Generating Code...
     Creating library C:/Users/Ian/source/repos/Game_IC/glfw_proj/src/Debug/glfw3dll.lib and object C:/Users/Ian/source/repos/Game_IC/glfw_proj/src/Debug/glfw3dll.exp
  glfw.vcxproj -> C:\Users\Ian\source\repos\Game_IC\x64\Debug\glfw3.dll
